<?xml version="1.0" encoding="UTF-8"?>
<!-- Generated by org.testng.reporters.JUnitReportReporter -->
<testsuite hostname="WBOX62" failures="0" tests="1" name="FetchOTP.AppTest" time="1.898" errors="0" timestamp="2024-07-23T12:54:15 IST" skipped="0">
  <testcase classname="FetchOTP.AppTest" name="testExample" time="1.898"/>
  <system-out/>
</testsuite> <!-- FetchOTP.AppTest -->
